Using pre-set license
Built from '2022.3/staging' branch; Version is '2022.3.17f1 (4fc78088f837) revision 5228416'; Using compiler version '192829333'; Build Type 'Release'
OS: 'Windows 11  (10.0.22631) 64bit Education' Language: 'en' Physical Memory: 32581 MB
BatchMode: 1, IsHumanControllingUs: 0, StartBugReporterOnCrash: 0, Is64bit: 1, IsPro: 1

COMMAND LINE ARGUMENTS:
C:\Program Files\Unity\Hub\Editor\2022.3.17f1\Editor\Unity.exe
-adb2
-batchMode
-noUpm
-name
AssetImportWorker4
-projectPath
C:/Users/Matias Paavilainen/Documents/Ohjelmointi/XRProject/Fruit Ninja VR
-logFile
Logs/AssetImportWorker4.log
-srvPort
56151
Successfully changed project path to: C:/Users/Matias Paavilainen/Documents/Ohjelmointi/XRProject/Fruit Ninja VR
C:/Users/Matias Paavilainen/Documents/Ohjelmointi/XRProject/Fruit Ninja VR
[UnityMemory] Configuration Parameters - Can be set up in boot.config
    "memorysetup-bucket-allocator-granularity=16"
    "memorysetup-bucket-allocator-bucket-count=8"
    "memorysetup-bucket-allocator-block-size=33554432"
    "memorysetup-bucket-allocator-block-count=8"
    "memorysetup-main-allocator-block-size=16777216"
    "memorysetup-thread-allocator-block-size=16777216"
    "memorysetup-gfx-main-allocator-block-size=16777216"
    "memorysetup-gfx-thread-allocator-block-size=16777216"
    "memorysetup-cache-allocator-block-size=4194304"
    "memorysetup-typetree-allocator-block-size=2097152"
    "memorysetup-profiler-bucket-allocator-granularity=16"
    "memorysetup-profiler-bucket-allocator-bucket-count=8"
    "memorysetup-profiler-bucket-allocator-block-size=33554432"
    "memorysetup-profiler-bucket-allocator-block-count=8"
    "memorysetup-profiler-allocator-block-size=16777216"
    "memorysetup-profiler-editor-allocator-block-size=1048576"
    "memorysetup-temp-allocator-size-main=16777216"
    "memorysetup-job-temp-allocator-block-size=2097152"
    "memorysetup-job-temp-allocator-block-size-background=1048576"
    "memorysetup-job-temp-allocator-reduction-small-platforms=262144"
    "memorysetup-allocator-temp-initial-block-size-main=262144"
    "memorysetup-allocator-temp-initial-block-size-worker=262144"
    "memorysetup-temp-allocator-size-background-worker=32768"
    "memorysetup-temp-allocator-size-job-worker=262144"
    "memorysetup-temp-allocator-size-preload-manager=33554432"
    "memorysetup-temp-allocator-size-nav-mesh-worker=65536"
    "memorysetup-temp-allocator-size-audio-worker=65536"
    "memorysetup-temp-allocator-size-cloud-worker=32768"
    "memorysetup-temp-allocator-size-gi-baking-worker=262144"
    "memorysetup-temp-allocator-size-gfx=262144"
Player connection [31080] Host "[IP] 87.100.231.120 [Port] 0 [Flags] 2 [Guid] 3382891588 [EditorId] 3382891588 [Version] 1048832 [Id] WindowsEditor(7,DESKTOP-18GRFQ2) [Debug] 1 [PackageName] WindowsEditor [ProjectName] Editor" joined multi-casting on [225.0.0.222:54997]...

Player connection [31080] Host "[IP] 87.100.231.120 [Port] 0 [Flags] 2 [Guid] 3382891588 [EditorId] 3382891588 [Version] 1048832 [Id] WindowsEditor(7,DESKTOP-18GRFQ2) [Debug] 1 [PackageName] WindowsEditor [ProjectName] Editor" joined alternative multi-casting on [225.0.0.222:34997]...

[Physics::Module] Initialized MultithreadedJobDispatcher with 11 workers.
Refreshing native plugins compatible for Editor in 1449.81 ms, found 12 plugins.
Preloading 1 native plugins for Editor in 0.56 ms.
Initialize engine version: 2022.3.17f1 (4fc78088f837)
[Subsystems] Discovering subsystems at path C:/Program Files/Unity/Hub/Editor/2022.3.17f1/Editor/Data/Resources/UnitySubsystems
[Subsystems] Discovering subsystems at path C:/Users/Matias Paavilainen/Documents/Ohjelmointi/XRProject/Fruit Ninja VR/Assets
GfxDevice: creating device client; threaded=0; jobified=0
Direct3D:
    Version:  Direct3D 11.0 [level 11.1]
    Renderer: NVIDIA GeForce RTX 3070 (ID=0x2484)
    Vendor:   NVIDIA
    VRAM:     8018 MB
    Driver:   31.0.15.5176
Initialize mono
Mono path[0] = 'C:/Program Files/Unity/Hub/Editor/2022.3.17f1/Editor/Data/Managed'
Mono path[1] = 'C:/Program Files/Unity/Hub/Editor/2022.3.17f1/Editor/Data/MonoBleedingEdge/lib/mono/unityjit-win32'
Mono config path = 'C:/Program Files/Unity/Hub/Editor/2022.3.17f1/Editor/Data/MonoBleedingEdge/etc'
Using monoOptions --debugger-agent=transport=dt_socket,embedding=1,server=y,suspend=n,address=127.0.0.1:56104
Begin MonoManager ReloadAssembly
Registering precompiled unity dll's ...
Register platform support module: C:/Program Files/Unity/Hub/Editor/2022.3.17f1/Editor/Data/PlaybackEngines/WebGLSupport/UnityEditor.WebGL.Extensions.dll
Register platform support module: C:/Program Files/Unity/Hub/Editor/2022.3.17f1/Editor/Data/PlaybackEngines/WindowsStandaloneSupport/UnityEditor.WindowsStandalone.Extensions.dll
Registered in 0.162814 seconds.
- Loaded All Assemblies, in  4.426 seconds
Native extension for WindowsStandalone target not found
Native extension for WebGL target not found
Mono: successfully reloaded assembly
- Finished resetting the current domain, in  0.194 seconds
Domain Reload Profiling: 4616ms
	BeginReloadAssembly (3206ms)
		ExecutionOrderSort (0ms)
		DisableScriptedObjects (0ms)
		BackupInstance (0ms)
		ReleaseScriptingObjects (0ms)
		CreateAndSetChildDomain (1ms)
	RebuildCommonClasses (281ms)
	RebuildNativeTypeToScriptingClass (8ms)
	initialDomainReloadingComplete (211ms)
	LoadAllAssembliesAndSetupDomain (716ms)
		LoadAssemblies (3203ms)
		RebuildTransferFunctionScriptingTraits (0ms)
		AnalyzeDomain (714ms)
			TypeCache.Refresh (713ms)
				TypeCache.ScanAssembly (539ms)
			ScanForSourceGeneratedMonoScriptInfo (0ms)
			ResolveRequiredComponents (0ms)
	FinalizeReload (194ms)
		ReleaseScriptCaches (0ms)
		RebuildScriptCaches (0ms)
		SetupLoadedEditorAssemblies (155ms)
			LogAssemblyErrors (0ms)
			InitializePlatformSupportModulesInManaged (11ms)
			SetLoadedEditorAssemblies (3ms)
			RefreshPlugins (0ms)
			BeforeProcessingInitializeOnLoad (1ms)
			ProcessInitializeOnLoadAttributes (104ms)
			ProcessInitializeOnLoadMethodAttributes (35ms)
			AfterProcessingInitializeOnLoad (0ms)
			EditorAssembliesLoaded (0ms)
		ExecutionOrderSort2 (0ms)
		AwakeInstancesAfterBackupRestoration (0ms)
========================================================================
Worker process is ready to serve import requests
Begin MonoManager ReloadAssembly
- Loaded All Assemblies, in  6.376 seconds
Refreshing native plugins compatible for Editor in 21.00 ms, found 12 plugins.
Native extension for WindowsStandalone target not found
Native extension for WebGL target not found
Package Manager log level set to [2]
[Package Manager] Server::EnsureServerProcessIsRunning -- launch failed, reason: Unity was launched with the -noUpm command-line argument
[Package Manager] UpmClient::Send -- Unable to send message (not connected to UPM process).
[Package Manager] Cannot connect to Unity Package Manager local server
[Package Manager] Server::EnsureServerProcessIsRunning -- launch failed, reason: Unity was launched with the -noUpm command-line argument
[Package Manager] UpmClient::Send -- Unable to send message (not connected to UPM process).
[Package Manager] Cannot connect to Unity Package Manager local server
System.Reflection.TargetInvocationException: Exception has been thrown by the target of an invocation. ---> System.NullReferenceException: Object reference not set to an instance of an object
  at Unity.XR.Oculus.OculusLoader.AssetPathToAbsolutePath (System.String assetPath) [0x0003d] in .\Library\PackageCache\com.unity.xr.oculus@4.1.2\Runtime\OculusLoader.cs:287 
  at Unity.XR.Oculus.OculusLoader.EditorLoadOVRPlugin () [0x00084] in .\Library\PackageCache\com.unity.xr.oculus@4.1.2\Runtime\OculusLoader.cs:272 
  at (wrapper managed-to-native) System.Reflection.RuntimeMethodInfo.InternalInvoke(System.Reflection.RuntimeMethodInfo,object,object[],System.Exception&)
  at System.Reflection.RuntimeMethodInfo.Invoke (System.Object obj, System.Reflection.BindingFlags invokeAttr, System.Reflection.Binder binder, System.Object[] parameters, System.Globalization.CultureInfo culture) [0x0006a] in <17d9ce77f27a4bd2afb5ba32c9bea976>:0 
   --- End of inner exception stack trace ---
  at System.Reflection.RuntimeMethodInfo.Invoke (System.Object obj, System.Reflection.BindingFlags invokeAttr, System.Reflection.Binder binder, System.Object[] parameters, System.Globalization.CultureInfo culture) [0x00083] in <17d9ce77f27a4bd2afb5ba32c9bea976>:0 
  at System.Reflection.MethodBase.Invoke (System.Object obj, System.Object[] parameters) [0x00000] in <17d9ce77f27a4bd2afb5ba32c9bea976>:0 
  at UnityEditor.EditorAssemblies.ProcessInitializeOnLoadMethodAttributes () [0x000a5] in <5e6ebaa7d75c4d5399dc81ecead6b43f>:0 
UnityEngine.StackTraceUtility:ExtractStackTrace ()
UnityEngine.DebugLogHandler:LogFormat (UnityEngine.LogType,UnityEngine.Object,string,object[])
UnityEngine.Logger:Log (UnityEngine.LogType,object)
UnityEngine.Debug:LogError (object)
UnityEditor.EditorAssemblies:ProcessInitializeOnLoadMethodAttributes ()

Mono: successfully reloaded assembly
[Package Manager] Server::EnsureServerProcessIsRunning -- launch failed, reason: Unity was launched with the -noUpm command-line argument
[Package Manager] UpmClient::Send -- Unable to send message (not connected to UPM process).
[Package Manager] Cannot connect to Unity Package Manager local server
[Package Manager] Server::EnsureServerProcessIsRunning -- launch failed, reason: Unity was launched with the -noUpm command-line argument
[Package Manager] UpmClient::Send -- Unable to send message (not connected to UPM process).
[Package Manager] Cannot connect to Unity Package Manager local server
- Finished resetting the current domain, in  0.629 seconds
Domain Reload Profiling: 6996ms
	BeginReloadAssembly (149ms)
		ExecutionOrderSort (0ms)
		DisableScriptedObjects (5ms)
		BackupInstance (0ms)
		ReleaseScriptingObjects (0ms)
		CreateAndSetChildDomain (18ms)
	RebuildCommonClasses (31ms)
	RebuildNativeTypeToScriptingClass (9ms)
	initialDomainReloadingComplete (50ms)
	LoadAllAssembliesAndSetupDomain (6128ms)
		LoadAssemblies (5816ms)
		RebuildTransferFunctionScriptingTraits (0ms)
		AnalyzeDomain (406ms)
			TypeCache.Refresh (377ms)
				TypeCache.ScanAssembly (332ms)
			ScanForSourceGeneratedMonoScriptInfo (20ms)
			ResolveRequiredComponents (8ms)
	FinalizeReload (630ms)
		ReleaseScriptCaches (0ms)
		RebuildScriptCaches (0ms)
		SetupLoadedEditorAssemblies (499ms)
			LogAssemblyErrors (0ms)
			InitializePlatformSupportModulesInManaged (10ms)
			SetLoadedEditorAssemblies (2ms)
			RefreshPlugins (0ms)
			BeforeProcessingInitializeOnLoad (89ms)
			ProcessInitializeOnLoadAttributes (305ms)
			ProcessInitializeOnLoadMethodAttributes (80ms)
			AfterProcessingInitializeOnLoad (11ms)
			EditorAssembliesLoaded (0ms)
		ExecutionOrderSort2 (0ms)
		AwakeInstancesAfterBackupRestoration (4ms)
Launched and connected shader compiler UnityShaderCompiler.exe after 0.05 seconds
Refreshing native plugins compatible for Editor in 21.07 ms, found 12 plugins.
Preloading 1 native plugins for Editor in 0.07 ms.
Unloading 6128 Unused Serialized files (Serialized files now loaded: 0)
Unloading 122 unused Assets / (0.8 MB). Loaded Objects now: 6564.
Memory consumption went from 234.0 MB to 233.2 MB.
Total: 2.774600 ms (FindLiveObjects: 0.265800 ms CreateObjectMapping: 0.159600 ms MarkObjects: 2.065300 ms  DeleteObjects: 0.283100 ms)

AssetImportParameters requested are different than current active one (requested -> active):
  custom:container-demuxer-ogg: 62fdf1f143b41e24485cea50d1cbac27 -> 
  custom:video-decoder-ogg-theora: a1e56fd34408186e4bbccfd4996cb3dc -> 
  custom:framework-win-MediaFoundation: 216162199b28c13a410421893ffa2e32 -> 
  custom:CustomObjectIndexerAttribute: 62b5816608c3102f162a1797e29626cf -> 
  custom:container-demuxer-webm: 4f35f7cbe854078d1ac9338744f61a02 -> 
  custom:container-muxer-webm: aa71ff27fc2769a1b78a27578f13a17b -> 
  custom:video-decoder-webm-vp8: 9c59270c3fd7afecdb556c50c9e8de78 -> 
  custom:SearchIndexIgnoredProperties: e643bd26f0fe6173181afceb89e7c659 -> 
  custom:AudioImporter_EditorPlatform: d09bf68614088b80899f8185d706f6e7 -> 
  custom:video-encoder-webm-vp8: eb34c28f22e8b96e1ab97ce403110664 -> 
  custom:audio-decoder-ogg-vorbis: bf7c407c2cedff20999df2af8eb42d56 -> 
  custom:audio-encoder-webm-vorbis: bf7c407c2cedff20999df2af8eb42d56 -> 
========================================================================
Received Import Request.
  Time since last request: 53772.582499 seconds.
  path: Assets/Materials/Light saber
  artifactKey: Guid(d26a67c10c0503d4fa3e73159d0d5bb5) Importer(815301076,1909f56bfc062723c751e8b465ee728b)
Start importing Assets/Materials/Light saber using Guid(d26a67c10c0503d4fa3e73159d0d5bb5) Importer(815301076,1909f56bfc062723c751e8b465ee728b)  -> (artifact id: 'b9bc0225b78d1877d3312644f255e321') in 0.003500 seconds
Number of updated asset objects reloaded before import = 0
Number of asset objects unloaded after import = 0
========================================================================
Received Import Request.
  Time since last request: 803.880332 seconds.
  path: Assets/wallNoLight.fbx
  artifactKey: Guid(5957d400a8cdd80458e4e378c0ddd65f) Importer(815301076,1909f56bfc062723c751e8b465ee728b)
Start importing Assets/wallNoLight.fbx using Guid(5957d400a8cdd80458e4e378c0ddd65f) Importer(815301076,1909f56bfc062723c751e8b465ee728b)  -> (artifact id: '09d8f3c2bffeae2d988087694e7819ac') in 0.288624 seconds
Number of updated asset objects reloaded before import = 0
Number of asset objects unloaded after import = 11
========================================================================
Received Import Request.
  Time since last request: 42.374111 seconds.
  path: Assets/wallNoLight.fbx
  artifactKey: Guid(5957d400a8cdd80458e4e378c0ddd65f) Importer(815301076,1909f56bfc062723c751e8b465ee728b)
Start importing Assets/wallNoLight.fbx using Guid(5957d400a8cdd80458e4e378c0ddd65f) Importer(815301076,1909f56bfc062723c751e8b465ee728b)  -> (artifact id: '57892e1cd36907ac1ce14a5f9d13b24e') in 0.015780 seconds
Number of updated asset objects reloaded before import = 0
Number of asset objects unloaded after import = 10
========================================================================
Received Import Request.
  Time since last request: 23.132383 seconds.
  path: Assets/wallNoLight.fbx
  artifactKey: Guid(5957d400a8cdd80458e4e378c0ddd65f) Importer(815301076,1909f56bfc062723c751e8b465ee728b)
Start importing Assets/wallNoLight.fbx using Guid(5957d400a8cdd80458e4e378c0ddd65f) Importer(815301076,1909f56bfc062723c751e8b465ee728b)  -> (artifact id: '28f3db8b668918895267157203edbfc6') in 0.026890 seconds
Number of updated asset objects reloaded before import = 0
Number of asset objects unloaded after import = 11
========================================================================
Received Import Request.
  Time since last request: 33.416439 seconds.
  path: Assets/wall.fbx
  artifactKey: Guid(aa64e8d3560b72d4d8e5a029877a0795) Importer(815301076,1909f56bfc062723c751e8b465ee728b)
Start importing Assets/wall.fbx using Guid(aa64e8d3560b72d4d8e5a029877a0795) Importer(815301076,1909f56bfc062723c751e8b465ee728b)  -> (artifact id: '5b1a7ab6c850bef0422c8d84b281b6a3') in 0.018807 seconds
Number of updated asset objects reloaded before import = 0
Number of asset objects unloaded after import = 11
========================================================================
Received Import Request.
  Time since last request: 468.954176 seconds.
  path: Assets/wall.fbx
  artifactKey: Guid(aa64e8d3560b72d4d8e5a029877a0795) Importer(815301076,1909f56bfc062723c751e8b465ee728b)
Start importing Assets/wall.fbx using Guid(aa64e8d3560b72d4d8e5a029877a0795) Importer(815301076,1909f56bfc062723c751e8b465ee728b)  -> (artifact id: '31f113cb955b8f25b8d32af11c3ebf0f') in 0.048766 seconds
Number of updated asset objects reloaded before import = 0
Number of asset objects unloaded after import = 11
========================================================================
Received Import Request.
  Time since last request: 94.100815 seconds.
  path: Assets/TutorialInfo
  artifactKey: Guid(ba062aa6c92b140379dbc06b43dd3b9b) Importer(815301076,1909f56bfc062723c751e8b465ee728b)
Start importing Assets/TutorialInfo using Guid(ba062aa6c92b140379dbc06b43dd3b9b) Importer(815301076,1909f56bfc062723c751e8b465ee728b)  -> (artifact id: 'c6fad8187a9660f5dc61c251b99f2f4e') in 0.000606 seconds
Number of updated asset objects reloaded before import = 0
Number of asset objects unloaded after import = 0
========================================================================
Received Import Request.
  Time since last request: 0.942141 seconds.
  path: Assets/Cyberpunk Material Pack
  artifactKey: Guid(6e2fcdb1a54cb8740b987d8e5d187a7e) Importer(815301076,1909f56bfc062723c751e8b465ee728b)
Start importing Assets/Cyberpunk Material Pack using Guid(6e2fcdb1a54cb8740b987d8e5d187a7e) Importer(815301076,1909f56bfc062723c751e8b465ee728b)  -> (artifact id: '92f6574846b076ea7a81d1e8881a8b9e') in 0.000531 seconds
Number of updated asset objects reloaded before import = 0
Number of asset objects unloaded after import = 0
========================================================================
Received Import Request.
  Time since last request: 8.668926 seconds.
  path: Assets/Materials/Material.003.mat
  artifactKey: Guid(90ac59fa4f0984b4db7213c5d459c762) Importer(815301076,1909f56bfc062723c751e8b465ee728b)
Start importing Assets/Materials/Material.003.mat using Guid(90ac59fa4f0984b4db7213c5d459c762) Importer(815301076,1909f56bfc062723c751e8b465ee728b)  -> (artifact id: '7582a6b0feabf5ebbf5c84925a42391e') in 0.013501 seconds
Number of updated asset objects reloaded before import = 0
Number of asset objects unloaded after import = 2
========================================================================
Received Import Request.
  Time since last request: 2.902616 seconds.
  path: Assets/Materials/Cyberpunk Material Pack/Textures
  artifactKey: Guid(891d1d8672daed647aad85fe928e0e05) Importer(815301076,1909f56bfc062723c751e8b465ee728b)
Start importing Assets/Materials/Cyberpunk Material Pack/Textures using Guid(891d1d8672daed647aad85fe928e0e05) Importer(815301076,1909f56bfc062723c751e8b465ee728b)  -> (artifact id: '49820b54b1bd7dd96b485460044da931') in 0.000671 seconds
Number of updated asset objects reloaded before import = 0
Number of asset objects unloaded after import = 0
========================================================================
Received Import Request.
  Time since last request: 0.508767 seconds.
  path: Assets/Materials/Cyberpunk Material Pack/CyberpunkMaterial_Doc.pdf
  artifactKey: Guid(58b7f456555f41b469c2ce8aebabeb66) Importer(815301076,1909f56bfc062723c751e8b465ee728b)
Start importing Assets/Materials/Cyberpunk Material Pack/CyberpunkMaterial_Doc.pdf using Guid(58b7f456555f41b469c2ce8aebabeb66) Importer(815301076,1909f56bfc062723c751e8b465ee728b)  -> (artifact id: '63ea92c1e0b0c9f2b79b8be88701a7c1') in 0.000986 seconds
Number of updated asset objects reloaded before import = 0
Number of asset objects unloaded after import = 1
========================================================================
Received Import Request.
  Time since last request: 1.085896 seconds.
  path: Assets/Materials/Cyberpunk Material Pack/Scenes
  artifactKey: Guid(1f6c56a2662a451488fa1df7efd53290) Importer(815301076,1909f56bfc062723c751e8b465ee728b)
Start importing Assets/Materials/Cyberpunk Material Pack/Scenes using Guid(1f6c56a2662a451488fa1df7efd53290) Importer(815301076,1909f56bfc062723c751e8b465ee728b)  -> (artifact id: 'ee4a4ea72f216fb234aa6b4a7a4655cb') in 0.000480 seconds
Number of updated asset objects reloaded before import = 0
Number of asset objects unloaded after import = 0
========================================================================
Received Import Request.
  Time since last request: 0.915078 seconds.
  path: Assets/Materials/Cyberpunk Material Pack/Materials
  artifactKey: Guid(c245c848420e0414e90736499338dfe4) Importer(815301076,1909f56bfc062723c751e8b465ee728b)
Start importing Assets/Materials/Cyberpunk Material Pack/Materials using Guid(c245c848420e0414e90736499338dfe4) Importer(815301076,1909f56bfc062723c751e8b465ee728b)  -> (artifact id: '4d8ebf18fbb540106fee55df511e0422') in 0.000702 seconds
Number of updated asset objects reloaded before import = 0
Number of asset objects unloaded after import = 0
========================================================================
Received Import Request.
  Time since last request: 0.078001 seconds.
  path: Assets/Materials/Cyberpunk Material Pack/Materials/Cyberpunk_1.mat
  artifactKey: Guid(6f5f846952434cc42a03b4d952efb99e) Importer(815301076,1909f56bfc062723c751e8b465ee728b)
Start importing Assets/Materials/Cyberpunk Material Pack/Materials/Cyberpunk_1.mat using Guid(6f5f846952434cc42a03b4d952efb99e) Importer(815301076,1909f56bfc062723c751e8b465ee728b)  -> (artifact id: 'c125dd214e590fe3d6b86135d53bec7f') in 0.031712 seconds
Number of updated asset objects reloaded before import = 0
Number of asset objects unloaded after import = 5
========================================================================
Received Import Request.
  Time since last request: 0.000017 seconds.
  path: Assets/Materials/Cyberpunk Material Pack/Materials/Cyberpunk_3.mat
  artifactKey: Guid(58eb48e12ba50504983da63dc807ac02) Importer(815301076,1909f56bfc062723c751e8b465ee728b)
Start importing Assets/Materials/Cyberpunk Material Pack/Materials/Cyberpunk_3.mat using Guid(58eb48e12ba50504983da63dc807ac02) Importer(815301076,1909f56bfc062723c751e8b465ee728b)  -> (artifact id: '0493eb96ffde5daaf6d887a6d3426ed7') in 0.013253 seconds
Number of updated asset objects reloaded before import = 0
Number of asset objects unloaded after import = 5
========================================================================
Received Import Request.
  Time since last request: 0.000018 seconds.
  path: Assets/Materials/Cyberpunk Material Pack/Materials/Cyberpunk_6.mat
  artifactKey: Guid(622dda6df1e51bf43bd9d484e33cb7fb) Importer(815301076,1909f56bfc062723c751e8b465ee728b)
Start importing Assets/Materials/Cyberpunk Material Pack/Materials/Cyberpunk_6.mat using Guid(622dda6df1e51bf43bd9d484e33cb7fb) Importer(815301076,1909f56bfc062723c751e8b465ee728b)  -> (artifact id: '40366f4496470d02e4c9a908058bd2ae') in 0.013450 seconds
Number of updated asset objects reloaded before import = 0
Number of asset objects unloaded after import = 5
========================================================================
Received Import Request.
  Time since last request: 21.931638 seconds.
  path: Assets/Materials/Cyberpunk Material Pack/Textures/cyberpunk_1
  artifactKey: Guid(5e85cbfae8182d7498285c7d63b6e90e) Importer(815301076,1909f56bfc062723c751e8b465ee728b)
Start importing Assets/Materials/Cyberpunk Material Pack/Textures/cyberpunk_1 using Guid(5e85cbfae8182d7498285c7d63b6e90e) Importer(815301076,1909f56bfc062723c751e8b465ee728b)  -> (artifact id: 'b3a470c1fae114d260b6b1ad7b445a79') in 0.000551 seconds
Number of updated asset objects reloaded before import = 0
Number of asset objects unloaded after import = 0
========================================================================
Received Import Request.
  Time since last request: 0.119583 seconds.
  path: Assets/Materials/Cyberpunk Material Pack/Textures/cyberpunk_1/6x6_tex_BaseMap.png
  artifactKey: Guid(8d00cc0f501f81a449e2d60bf127b89a) Importer(815301076,1909f56bfc062723c751e8b465ee728b)
Start importing Assets/Materials/Cyberpunk Material Pack/Textures/cyberpunk_1/6x6_tex_BaseMap.png using Guid(8d00cc0f501f81a449e2d60bf127b89a) Importer(815301076,1909f56bfc062723c751e8b465ee728b)  -> (artifact id: '07de85c643637d3d69ddf2bcb6b23538') in 0.038539 seconds
Number of updated asset objects reloaded before import = 0
Number of asset objects unloaded after import = 2
Editor requested this worker to shutdown with reason: Scaling down because of idle timeout
TcpMessagingSession - receive error: operation aborted. errorcode: 995, details: The I/O operation has been aborted because of either a thread exit or an application request.
AssetImportWorker is now disconnected from the server
Process exiting
Exiting without the bug reporter. Application will terminate with return code 0